<?xml version="1.0" encoding="UTF-8" ?>
<testsuite 
errors="0" failures="0" hostname="almass-PC" name="com.kreditech.assignment.driver.MarkDownAssignmentSuite" tests="3" time="0.17" timestamp="2016-02-07T20:16:06">
  <properties>
[...]
</properties>
  <testcase 
  name="Integration test where Input should be atleast input file" classname="com.kreditech.assignment.driver.MarkDownAssignmentSuite" time="0.024">
</testcase>
  <testcase 
  name="Integration test where Output should be on console and no exception should be thrown" classname="com.kreditech.assignment.driver.MarkDownAssignmentSuite" time="0.019">
</testcase>
  <testcase 
  name="Integration test where Output should be in file" classname="com.kreditech.assignment.driver.MarkDownAssignmentSuite" time="0.028">
</testcase>
  <system-out><![CDATA[]]></system-out>
  <system-err><![CDATA[]]></system-err>
</testsuite>
